<?xml version="1.0" encoding="UTF-8"?>
<!-- Generated by org.testng.reporters.JUnitReportReporter -->
<testsuite hostname="DESKTOP-5H50MM9" failures="1" tests="3" name="Testrunner.GreencartRunner" time="74.085" errors="0" timestamp="2023-11-29T00:40:11 IST" skipped="0">
  <testcase classname="Testrunner.GreencartRunner" name="runScenario" time="24.937"/>
  <testcase classname="Testrunner.GreencartRunner" name="runScenario" time="24.299"/>
  <testcase classname="Testrunner.GreencartRunner" name="runScenario" time="24.849">
    <failure message="expected [No data] but found [Beetroot]" type="java.lang.AssertionError">
      <![CDATA[java.lang.AssertionError: expected [No data] but found [Beetroot]
at org.testng.Assert.fail(Assert.java:111)
at org.testng.Assert.failNotEquals(Assert.java:1578)
at org.testng.Assert.assertEqualsImpl(Assert.java:150)
at org.testng.Assert.assertEquals(Assert.java:132)
at org.testng.Assert.assertEquals(Assert.java:656)
at org.testng.Assert.assertEquals(Assert.java:666)
at Stepdefintion.OfferpageStepdefintion.validate_productname_in_offer_page_matches_with_landing_page(OfferpageStepdefintion.java:59)
at âœ½.Validate productname in offer page matches with landing page(file:///C:/Users/DELL/eclipse-workspace/CucumberTutorial/src/test/java/featurefile/searchproduct.feature:8)
]]>
    </failure>
  </testcase> <!-- runScenario -->
</testsuite> <!-- Testrunner.GreencartRunner -->
